Log file open, 05/02/17 15:32:54
LogInit:Display: Running engine for game: TankAIFinal
LogPlatformFile: Not using cached read wrapper
LogInit:Display: RandInit(315944777) SRandInit(315944777).
LogTaskGraph: Started task graph with 5 named threads and 8 total threads with 1 sets of task threads.
LogStats: Stats thread started at 0.091521
LogInit: Using libcurl 7.47.1
LogInit:  - built for x86_64-pc-win32
LogInit:  - supports SSL with OpenSSL/1.0.2g
LogInit:  - supports HTTP deflate (compression) using libz 1.2.8
LogInit:  - other features:
LogInit:      CURL_VERSION_SSL
LogInit:      CURL_VERSION_LIBZ
LogInit:      CURL_VERSION_IPV6
LogInit:      CURL_VERSION_ASYNCHDNS
LogInit:      CURL_VERSION_LARGEFILE
LogInit:      CURL_VERSION_IDN
LogInit:  CurlRequestOptions (configurable via config and command line):
LogInit:  - bVerifyPeer = false  - Libcurl will NOT verify peer certificate
LogInit:  - bUseHttpProxy = false  - Libcurl will NOT use HTTP proxy
LogInit:  - bDontReuseConnections = false  - Libcurl will reuse connections
LogInit:  - CertBundlePath = nullptr  - Libcurl will use whatever was configured at build time.
LogInit: Build: ++UE4+Release-4.15-CL-3416026
LogInit: Engine Version: 4.15.2-3416026+++UE4+Release-4.15
LogInit: Compatible Engine Version: 4.15.0-3299760+++UE4+Release-4.15
LogInit: Net CL: 3299760
LogDevObjectVersion: Number of dev versions registered: 14
LogDevObjectVersion:   Dev-Blueprints (B0D832E4-1F89-4F0D-ACCF-7EB736FD4AA2): 8
LogDevObjectVersion:   Dev-Build (E1C64328-A22C-4D53-A36C-8E866417BD8C): 0
LogDevObjectVersion:   Dev-Core (375EC13C-06E4-48FB-B500-84F0262A717E): 2
LogDevObjectVersion:   Dev-Editor (E4B068ED-F494-42E9-A231-DA0B2E46BB41): 14
LogDevObjectVersion:   Dev-Framework (CFFC743F-43B0-4480-9391-14DF171D2073): 22
LogDevObjectVersion:   Dev-Mobile (B02B49B5-BB20-44E9-A304-32B752E40360): 0
LogDevObjectVersion:   Dev-Networking (A4E4105C-59A1-49B5-A7C5-40C4547EDFEE): 0
LogDevObjectVersion:   Dev-Online (39C831C9-5AE6-47DC-9A44-9C173E1C8E7C): 0
LogDevObjectVersion:   Dev-Physics (78F01B33-EBEA-4F98-B9B4-84EACCB95AA2): 0
LogDevObjectVersion:   Dev-Platform (6631380F-2D4D-43E0-8009-CF276956A95A): 0
LogDevObjectVersion:   Dev-Rendering (12F88B9F-8875-4AFC-A67C-D90C383ABD29): 12
LogDevObjectVersion:   Dev-Sequencer (7B5AE74C-D270-4C10-A958-57980B212A5A): 3
LogDevObjectVersion:   Dev-VR (D7296918-1DD6-4BDD-9DE2-64A83CC13884): 0
LogDevObjectVersion:   Dev-LoadTimes (C2A15278-BFE7-4AFE-6C17-90FF531DF755): 1
LogInit: Compiled (64-bit): May  1 2017 13:11:28
LogInit: Compiled with Visual C++: 19.00.23026.00
LogInit: Build Configuration: Development
LogInit: Branch Name: ++UE4+Release-4.15
LogInit: Command line: -EpicPortal 
LogInit: Base directory: C:/Program Files/Epic Games/UE_4.15/Engine/Binaries/Win64/
LogInit: Installed Engine Build: 1
LogInit: Presizing for max 8388607 objects, including 0 objects not considered by GC, pre-allocating 0 bytes for permanent pool.
LogInit: Object subsystem initialized
[2017.05.02-22.32.55:744][  0]LogInit: Selected Device Profile: [Windows]
[2017.05.02-22.32.55:745][  0]LogInit: Applying CVar settings loaded from the selected device profile: [Windows]
[2017.05.02-22.32.55:843][  0]LogInit: Computer: HARDASSWILLIS
[2017.05.02-22.32.55:843][  0]LogInit: User: socce000
[2017.05.02-22.32.55:843][  0]LogInit: CPU Page size=65536, Cores=4
[2017.05.02-22.32.55:843][  0]LogInit: High frequency timer resolution =2.435777 MHz
[2017.05.02-22.32.55:844][  0]LogMemory: Memory total: Physical=7.9GB (8GB approx)
[2017.05.02-22.32.55:844][  0]LogMemory: Platform Memory Stats for Windows
[2017.05.02-22.32.55:844][  0]LogMemory: Process Physical Memory: 263.49 MB used, 263.49 MB peak
[2017.05.02-22.32.55:844][  0]LogMemory: Process Virtual Memory: 262.72 MB used, 262.72 MB peak
[2017.05.02-22.32.55:844][  0]LogMemory: Physical Memory: 6423.54 MB used,  1651.30 MB free, 8074.84 MB total
[2017.05.02-22.32.55:844][  0]LogMemory: Virtual Memory: 645.24 MB used,  1651.30 MB free, 134217728.00 MB total
[2017.05.02-22.32.55:928][  0]LogTextLocalizationManager: No specific translations for ('en-US') exist, so ('en') translations will be used.
[2017.05.02-22.33.13:316][  0]LogD3D11RHI: D3D11 adapters:
[2017.05.02-22.33.13:338][  0]LogD3D11RHI:    0. 'NVIDIA GeForce GTX 860M ' (Feature Level 11_0)
[2017.05.02-22.33.13:338][  0]LogD3D11RHI:       1995/0/4037 MB DedicatedVideo/DedicatedSystem/SharedSystem, Outputs:1, VendorId:0x10de
[2017.05.02-22.33.13:345][  0]LogD3D11RHI:    1. 'Intel(R) HD Graphics 4600' (Feature Level 11_0)
[2017.05.02-22.33.13:345][  0]LogD3D11RHI:       112/0/2048 MB DedicatedVideo/DedicatedSystem/SharedSystem, Outputs:0, VendorId:0x8086
[2017.05.02-22.33.13:346][  0]LogD3D11RHI:    2. 'Microsoft Basic Render Driver' (Feature Level 11_0)
[2017.05.02-22.33.13:346][  0]LogD3D11RHI:       0/0/4037 MB DedicatedVideo/DedicatedSystem/SharedSystem, Outputs:0, VendorId:0x1414
[2017.05.02-22.33.13:346][  0]LogD3D11RHI: Chosen D3D11 Adapter: 0
[2017.05.02-22.33.13:352][  0]LogD3D11RHI: Creating new Direct3DDevice
[2017.05.02-22.33.13:352][  0]LogD3D11RHI:     GPU DeviceId: 0x1392 (for the marketing name, search the web for "GPU Device Id")
[2017.05.02-22.33.13:352][  0]LogWindows: EnumDisplayDevices:
[2017.05.02-22.33.13:352][  0]LogWindows:    0. 'Intel(R) HD Graphics 4600' (P:1 D:1)
[2017.05.02-22.33.13:352][  0]LogWindows:    1. 'Intel(R) HD Graphics 4600' (P:0 D:0)
[2017.05.02-22.33.13:352][  0]LogWindows:    2. 'Intel(R) HD Graphics 4600' (P:0 D:0)
[2017.05.02-22.33.13:352][  0]LogWindows: DebugString: PrimaryIsNotTheChoosenAdapter PrimaryIsNotTheChoosenAdapter PrimaryIsNotTheChoosenAdapter FoundDriverCount:0 
[2017.05.02-22.33.13:352][  0]LogD3D11RHI:     Adapter Name: NVIDIA GeForce GTX 860M 
[2017.05.02-22.33.13:352][  0]LogD3D11RHI:   Driver Version: Unknown (internal:Unknown, unified:Unknown)
[2017.05.02-22.33.13:352][  0]LogD3D11RHI:      Driver Date: Unknown
[2017.05.02-22.33.13:352][  0]LogRHI: Texture pool is 1361 MB (70% of 1945 MB)
[2017.05.02-22.33.13:920][  0]LogD3D11RHI: NvAPI_D3D_GetCurrentSLIState failed: 0xfffffff7
[2017.05.02-22.33.13:921][  0]LogD3D11RHI: [Aftermath] Aftermath enabled but failed to initialize due to reason: DriverVersionNotSupported
[2017.05.02-22.33.13:921][  0]LogD3D11RHI: Async texture creation enabled
[2017.05.02-22.33.14:890][  0]LogD3D11RHI: GPU Timing Frequency: 1000.000000 (Debug: 2 1)
[2017.05.02-22.33.14:892][  0]LogShaderCompilers: Guid format shader working directory is -21 characters bigger than the processId version (../../../../../../Users/socce_000/Documents/Unreal Projects/TankAIFinal/Intermediate/Shaders/WorkingDirectory/3532/).
[2017.05.02-22.33.14:892][  0]LogShaderCompilers: Cleaned the shader compiler working directory 'C:/Users/socce_000/AppData/Local/Temp/UnrealShaderWorkingDir/F5314FE745D5A5652CB1228AC66BDA9F/'.
[2017.05.02-22.33.14:892][  0]LogShaderCompilers:Display: Using Local Shader Compiler.
[2017.05.02-22.33.43:095][  0]LogTemp:Display: Loaded TP AllDesktopTargetPlatform
[2017.05.02-22.33.43:197][  0]LogTemp:Display: Loaded TP MacClientTargetPlatform
[2017.05.02-22.33.43:288][  0]LogTemp:Display: Loaded TP MacNoEditorTargetPlatform
[2017.05.02-22.33.43:378][  0]LogTemp:Display: Loaded TP MacServerTargetPlatform
[2017.05.02-22.33.43:497][  0]LogTemp:Display: Loaded TP MacTargetPlatform
[2017.05.02-22.33.43:584][  0]LogTemp:Display: Loaded TP WindowsClientTargetPlatform
[2017.05.02-22.33.43:675][  0]LogTemp:Display: Loaded TP WindowsNoEditorTargetPlatform
[2017.05.02-22.33.43:776][  0]LogTemp:Display: Loaded TP WindowsServerTargetPlatform
[2017.05.02-22.33.43:868][  0]LogTemp:Display: Loaded TP WindowsTargetPlatform
[2017.05.02-22.33.43:974][  0]LogTemp:Display: Loaded TP AndroidTargetPlatform
[2017.05.02-22.33.44:108][  0]LogTemp:Display: Loaded TP Android_ASTCTargetPlatform
[2017.05.02-22.33.44:183][  0]LogTemp:Display: Loaded TP Android_ATCTargetPlatform
[2017.05.02-22.33.44:284][  0]LogTemp:Display: Loaded TP Android_DXTTargetPlatform
[2017.05.02-22.33.44:367][  0]LogTemp:Display: Loaded TP Android_ETC1TargetPlatform
[2017.05.02-22.33.44:472][  0]LogTemp:Display: Loaded TP Android_ETC2TargetPlatform
[2017.05.02-22.33.44:687][  0]LogTemp:Display: Loaded TP Android_MultiTargetPlatform
[2017.05.02-22.33.44:687][  0]LogTemp:Display: Loaded TP Android_PVRTCTargetPlatform
[2017.05.02-22.33.44:768][  0]LogTemp:Display: Loaded TP HTML5TargetPlatform
[2017.05.02-22.33.45:146][  0]LogTemp:Display: Loaded TP IOSTargetPlatform
[2017.05.02-22.33.45:187][  0]LogTemp:Display: Loaded TP TVOSTargetPlatform
[2017.05.02-22.33.45:293][  0]LogTemp:Display: Loaded TP LinuxClientTargetPlatform
[2017.05.02-22.33.45:390][  0]LogTemp:Display: Loaded TP LinuxNoEditorTargetPlatform
[2017.05.02-22.33.45:484][  0]LogTemp:Display: Loaded TP LinuxServerTargetPlatform
[2017.05.02-22.33.45:581][  0]LogTemp:Display: Loaded TP LinuxTargetPlatform
[2017.05.02-22.33.45:581][  0]LogTargetPlatformManager:Display: Building Assets For Windows
[2017.05.02-22.33.48:194][  0]LogDerivedDataCache:Display: Max Cache Size: 512 MB
[2017.05.02-22.33.49:897][  0]LogDerivedDataCache: Loaded boot cache 1.70s 52MB C:/Users/socce_000/AppData/Local/UnrealEngine/4.15/DerivedDataCache/Boot.ddc.
[2017.05.02-22.33.49:897][  0]LogDerivedDataCache:Display: Loaded Boot cache: C:/Users/socce_000/AppData/Local/UnrealEngine/4.15/DerivedDataCache/Boot.ddc
[2017.05.02-22.33.49:897][  0]LogDerivedDataCache: FDerivedDataBackendGraph:  Pak pak cache file ../../../../../../Users/socce_000/Documents/Unreal Projects/TankAIFinal/DerivedDataCache/DDC.ddp not found, will not use a pak cache.
[2017.05.02-22.33.49:897][  0]LogDerivedDataCache: Unable to find inner node Pak for hierarchical cache Hierarchy.
[2017.05.02-22.33.49:897][  0]LogDerivedDataCache: FDerivedDataBackendGraph:  CompressedPak pak cache file ../../../../../../Users/socce_000/Documents/Unreal Projects/TankAIFinal/DerivedDataCache/Compressed.ddp not found, will not use a pak cache.
[2017.05.02-22.33.49:897][  0]LogDerivedDataCache: Unable to find inner node CompressedPak for hierarchical cache Hierarchy.
[2017.05.02-22.33.50:016][  0]LogDerivedDataCache:Display: Pak cache opened for reading ../../../Engine/DerivedDataCache/Compressed.ddp.
[2017.05.02-22.33.50:028][  0]LogDerivedDataCache: Using Local data cache path C:/Users/socce_000/AppData/Local/UnrealEngine/Common/DerivedDataCache: Writable
[2017.05.02-22.33.50:039][  0]LogSlate: Using Freetype 2.6.0
[2017.05.02-22.33.50:075][  0]LogSlate: SlateFontCache - WITH_FREETYPE: 1, WITH_HARFBUZZ: 1
[2017.05.02-22.33.50:075][  0]LogSlate: SlateFontCache - WITH_FREETYPE: 1, WITH_HARFBUZZ: 1
[2017.05.02-22.34.03:022][  0]LogInit: Selected Device Profile: [Windows]
[2017.05.02-22.34.03:029][  0]LogContentStreaming: Texture pool size is 0.00 MB
[2017.05.02-22.34.04:286][  0]LogMeshUtilities: Using QuadricMeshReduction for automatic static mesh reduction
[2017.05.02-22.34.04:382][  0]LogSimplygon: Simplygon DLL not present - disabling.
[2017.05.02-22.34.04:820][  0]LogMeshUtilities: Using SimplygonSwarm for distributed automatic mesh merging
[2017.05.02-22.34.04:820][  0]LogMeshUtilities: No automatic skeletal mesh reduction module available
[2017.05.02-22.34.04:820][  0]LogMeshUtilities: No automatic mesh merging module available
[2017.05.02-22.34.07:263][  0]LogNetVersion: GetLocalNetworkVersion: CL: 3299760, ProjectName: tankaifinal, ProjectVersion: , EngineNetworkVersion: 2, GameNetworkVersion: 0, NetworkChecksum: 2456039462
[2017.05.02-22.34.07:356][  0]LogAssetRegistry: FAssetRegistry took 0.0218 seconds to start up
[2017.05.02-22.34.07:585][  0]LogPackageLocalizationCache: Processed 3 localized package path(s) for 2 prioritized culture(s) in 0.199885 seconds
[2017.05.02-22.34.07:593][  0]LogUObjectArray: 32493 objects as part of root set at end of initial load.
[2017.05.02-22.34.07:593][  0]LogUObjectAllocator: 7077032 out of 0 bytes used by permanent object pool.
[2017.05.02-22.34.07:593][  0]LogUObjectArray: CloseDisregardForGC: 0/0 objects in disregard for GC pool
[2017.05.02-22.34.07:681][  0]LogInit: WinSock: version 1.1 (2.2), MaxSocks=32767, MaxUdp=65467
[2017.05.02-22.34.45:611][  0]LogTcpMessaging: Initializing TcpMessaging bridge
[2017.05.02-22.34.45:688][  0]LogUdpMessaging: Initializing bridge on interface 0.0.0.0:0 to multicast group 230.0.0.1:6666.
[2017.05.02-22.34.47:379][  0]LogMaterial: Uniform references updated for custom material expression Custom.
[2017.05.02-22.34.48:113][  0]SourceControl: Info Source control is disabled
[2017.05.02-22.34.48:324][  0]SourceControl: Info Source control is disabled
[2017.05.02-22.34.48:386][  0]SourceControl: Info Source control is disabled
[2017.05.02-22.34.48:449][  0]SourceControl: Info Source control is disabled
[2017.05.02-22.34.51:203][  0]LogEngine: Initializing Engine...
[2017.05.02-22.34.51:204][  0]LogHMD: Failed to initialize OpenVR with code 110
[2017.05.02-22.34.51:776][  0]LogStats: UGameplayTagsManager::ConstructGameplayTagTree: Construct from data asset -  0.000 s
[2017.05.02-22.34.51:776][  0]LogStats: UGameplayTagsManager::ConstructGameplayTagTree: GameplayTagTreeChangedEvent.Broadcast -  0.000 s
[2017.05.02-22.34.51:946][  0]LogAIModule: Creating AISystem for world Untitled
[2017.05.02-22.34.51:955][  0]LogInit: XAudio2 using 'Speakers (Realtek High Definition Audio)' : 2 channels at 48 kHz using 32 bits per sample (channel mask 0x3)
[2017.05.02-22.34.51:999][  0]LogInit: FAudioDevice initialized.
[2017.05.02-22.34.52:037][  0]LogDerivedDataCache: Saved boot cache 0.04s 52MB C:/Users/socce_000/AppData/Local/UnrealEngine/4.15/DerivedDataCache/Boot.ddc.
[2017.05.02-22.34.52:051][  0]LogInit: Texture streaming: Enabled
[2017.05.02-22.34.52:182][  0]LogEngineSessionManager: EngineSessionManager initialized
[2017.05.02-22.34.52:327][  0]LogInit: Transaction tracking system initialized
[2017.05.02-22.34.52:766][  0]BlueprintLog: New page: Editor Load
[2017.05.02-22.34.54:198][  0]LocalizationService: Info Localization service is disabled
[2017.05.02-22.34.55:711][  0]LogConsoleResponse:Display: 
[2017.05.02-22.34.56:938][  0]LogCook:Display: Max memory allowance for cook 16384mb min free memory 0mb
[2017.05.02-22.34.56:938][  0]LogCook:Display: Mobile HDR setting 1
[2017.05.02-22.34.57:223][  0]LogFileCache: Scanning file cache for directory 'C:/Users/socce_000/Documents/Unreal Projects/TankAIFinal/Content/' took 0.09s
[2017.05.02-22.34.58:943][  0]SourceControl: Info Source control is disabled
[2017.05.02-22.34.59:244][  0]LogSlate: Took 0.037321 seconds to synchronously load lazily loaded font '../../../Engine/Content/Slate/Fonts/Roboto-Regular.ttf' (155K)
[2017.05.02-22.36.20:877][  0]LogWindowsTextInputMethodSystem:Display: IME system now deactivated.
[2017.05.02-22.36.20:877][  0]LogWindowsTextInputMethodSystem:Display: IME system now deactivated.
[2017.05.02-22.36.20:894][  0]LogWindowsTextInputMethodSystem:Display: IME system now deactivated.
[2017.05.02-22.36.20:894][  0]LogWindowsTextInputMethodSystem:Display: IME system now deactivated.
[2017.05.02-22.36.20:897][  0]Cmd: MAP LOAD FILE="../../../../../../Users/socce_000/Documents/Unreal Projects/TankAIFinal/Content/ThirdPersonBP/Maps/ThirdPersonExampleMap.umap" TEMPLATE=0 SHOWPROGRESS=1 FEATURELEVEL=3
[2017.05.02-22.36.20:899][  0]LightingResults: New page: Lighting Build
[2017.05.02-22.36.20:954][  0]MapCheck: New page: Map Check
[2017.05.02-22.36.20:954][  0]LightingResults: New page: Lighting Build
[2017.05.02-22.36.28:687][  0]LogBlueprint:Warning: [Compiler TankAI] Warning 'AIController' does not inherit from 'Tank AI' ( Cast To AIController  would always fail).
[2017.05.02-22.36.28:692][  0]LogBlueprint:Warning: [Compiler TankAI] Warning [0217.06] Compile of TankAI successful, but with 1 Warning(s) [in 49 ms] (/Game/ThirdPersonBP/Blueprints/TankAI.TankAI)
[2017.05.02-22.36.28:692][  0]LogBlueprint:Warning: [Compiler TankAI] Warning [0217.06] Compile of TankAI successful, but with 2 Warning(s) [in 0 ms] (/Game/ThirdPersonBP/Blueprints/TankAI.TankAI)
[2017.05.02-22.36.28:692][  0]LogBlueprint:Warning: [Compiler TankAI] Warning [0217.06] Compile of TankAI successful, but with 3 Warning(s) [in 0 ms] (/Game/ThirdPersonBP/Blueprints/TankAI.TankAI)
[2017.05.02-22.36.28:703][  0]LogBlueprint:Warning: [Compiler TankAI] Warning 'AIController' does not inherit from 'Tank AI' ( Cast To AIController  would always fail).
[2017.05.02-22.36.28:710][  0]LogBlueprint:Warning: [Compiler TankAI] Warning [0217.07] Compile of TankAI successful, but with 1 Warning(s) [in 11 ms] (/Game/ThirdPersonBP/Blueprints/TankAI.TankAI)
[2017.05.02-22.36.28:710][  0]LogBlueprint:Warning: [Compiler TankAI] Warning [0217.07] Compile of TankAI successful, but with 2 Warning(s) [in 0 ms] (/Game/ThirdPersonBP/Blueprints/TankAI.TankAI)
[2017.05.02-22.36.28:710][  0]LogBlueprint:Warning: [Compiler TankAI] Warning [0217.07] Compile of TankAI successful, but with 3 Warning(s) [in 0 ms] (/Game/ThirdPersonBP/Blueprints/TankAI.TankAI)
[2017.05.02-22.36.35:143][  0]LogAIModule: Creating AISystem for world ThirdPersonExampleMap
[2017.05.02-22.36.36:917][  0]LogSpawn:Warning: SpawnActor failed because we are running a ConstructionScript (AIController)
[2017.05.02-22.36.36:919][  0]LogEditorServer: Finished looking for orphan Actors (0.000 secs)
[2017.05.02-22.36.37:046][  0]Cmd: MAP CHECKDEP NOCLEARLOG
[2017.05.02-22.36.37:132][  0]MapCheck: Info Map check complete: 0 Error(s), 0 Warning(s), took 85.501ms to complete.
[2017.05.02-22.36.37:132][  0]LogFileHelpers: Loading map 'ThirdPersonExampleMap' took 16.235
[2017.05.02-22.36.39:261][  0]LogStats:Warning: MetaData mismatch. Did you assign a stat to two groups? New //STATGROUP_Threads//SplashScreenThread///Thread_4300_0///####STATCAT_Advanced#### old //STATGROUP_Threads//SplashScreenThread///Thread_350c_0///####STATCAT_Advanced####
[2017.05.02-22.36.39:261][  0]LogCollectionManager: Loaded 0 collections in 0.027751 seconds
[2017.05.02-22.36.39:929][  0]LogFileCache: Scanning file cache for directory 'C:/Users/socce_000/Documents/Unreal Projects/TankAIFinal/Saved/Collections/' took 0.01s
[2017.05.02-22.36.39:929][  0]LogFileCache: Scanning file cache for directory 'C:/Users/socce_000/Documents/Unreal Projects/TankAIFinal/Content/Developers/socce000/Collections/' took 0.01s
[2017.05.02-22.36.39:929][  0]LogFileCache: Scanning file cache for directory 'C:/Users/socce_000/Documents/Unreal Projects/TankAIFinal/Content/Collections/' took 0.01s
[2017.05.02-22.36.39:929][  0]LogCollectionManager: Rebuilt the GUID cache for 0 collections in 0.000010 seconds
[2017.05.02-22.36.39:962][  0]LogContentBrowser: Native class hierarchy populated in 0.0311 seconds. Added 2245 classes and 453 folders.
[2017.05.02-22.36.40:170][  0]LogContentBrowser: Native class hierarchy updated for 'WidgetCarousel' in 0.0009 seconds. Added 0 classes and 0 folders.
[2017.05.02-22.36.42:856][  0]LogContentBrowser: Native class hierarchy updated for 'AddContentDialog' in 0.0005 seconds. Added 0 classes and 0 folders.
[2017.05.02-22.36.43:194][  0]LogContentBrowser: Native class hierarchy updated for 'SceneOutliner' in 0.0006 seconds. Added 1 classes and 2 folders.
[2017.05.02-22.36.44:003][  0]LogCrashTracker: Crashtracker disabled due to settings.
[2017.05.02-22.36.44:258][  0]LogUObjectGlobals:Warning: Failed to find object 'Class None.'
[2017.05.02-22.36.44:394][  0]LogContentBrowser: Native class hierarchy updated for 'HierarchicalLODOutliner' in 0.0010 seconds. Added 1 classes and 2 folders.
[2017.05.02-22.36.44:395][  0]LogLoad: (Engine Initialization) Total time: 232.76 seconds
[2017.05.02-22.36.44:395][  0]LogLoad: (Engine Initialization) Total Blueprint compile time: 1.79 seconds
[2017.05.02-22.36.44:395][  0]LogExternalProfiler: Found external profiler: VSPerf
[2017.05.02-22.36.44:395][  0]LogExternalProfiler: Using external profiler: VSPerf
[2017.05.02-22.36.44:413][  0]LogOcInput: OculusInput pre-init called
[2017.05.02-22.36.44:888][  0]LogContentStreaming: Texture pool size now 1000 MB
[2017.05.02-22.36.45:008][  0]LogSlate: Took 0.061596 seconds to synchronously load lazily loaded font '../../../Engine/Content/Slate/Fonts/Roboto-Bold.ttf' (160K)
[2017.05.02-22.36.45:143][  0]LogSlate: Took 0.093110 seconds to synchronously load lazily loaded font '../../../Engine/Content/Editor/Slate/Fonts/FontAwesome.ttf' (139K)
[2017.05.02-22.36.47:416][  0]LogRenderer: Reallocating scene render targets to support 1208x600 NumSamples 1 (Frame:2).
[2017.05.02-22.36.49:070][  1]LogSlate: Took 0.067539 seconds to synchronously load lazily loaded font '../../../Engine/Content/Slate/Fonts/Roboto-Light.ttf' (159K)
[2017.05.02-22.36.49:368][  2]LogSlate: Took 0.000551 seconds to synchronously load lazily loaded font '../../../Engine/Content/Slate/Fonts/Roboto-Light.ttf' (159K)
[2017.05.02-22.36.49:626][  3]LogAssetRegistry: Asset discovery search completed in 162.2920 seconds
[2017.05.02-22.36.49:626][  3]LogCollectionManager: Rebuilt the object cache for 0 collections in 0.000024 seconds (found 0 objects)
[2017.05.02-22.36.49:626][  3]LogCollectionManager: Fixed up redirectors for 0 collections in 0.000057 seconds (updated 0 objects)
[2017.05.02-23.55.31:219][653]LogTemp: Repeting last play command: Selected Viewport
[2017.05.02-23.55.31:890][653]LogBlueprintUserMessages: Early PlayInEditor Detection: Level '/Game/ThirdPersonBP/Maps/ThirdPersonExampleMap.ThirdPersonExampleMap:PersistentLevel' has LevelScriptBlueprint '/Game/ThirdPersonBP/Maps/ThirdPersonExampleMap.ThirdPersonExampleMap:PersistentLevel.ThirdPersonExampleMap' with GeneratedClass '/Game/ThirdPersonBP/Maps/ThirdPersonExampleMap.ThirdPersonExampleMap_C' with ClassGeneratedBy '/Game/ThirdPersonBP/Maps/ThirdPersonExampleMap.ThirdPersonExampleMap:PersistentLevel.ThirdPersonExampleMap'
[2017.05.02-23.55.32:068][653]LogPlayLevel: PlayLevel: No blueprints needed recompiling
[2017.05.02-23.55.33:147][653]PIE: New page: PIE session: ThirdPersonExampleMap (May 2, 2017, 9:55:32 AM)
[2017.05.02-23.55.33:293][653]LogPlayLevel: Creating play world package: /Game/ThirdPersonBP/Maps/UEDPIE_0_ThirdPersonExampleMap
[2017.05.02-23.55.40:391][653]LogPlayLevel: PIE: StaticDuplicateObject took: (7.097345s)
[2017.05.02-23.55.40:645][653]LogAIModule: Creating AISystem for world ThirdPersonExampleMap
[2017.05.02-23.55.40:803][653]LogPlayLevel: PIE: World Init took: (0.412575s)
[2017.05.02-23.55.40:921][653]LogPlayLevel: PIE: Created PIE world by copying editor world from /Game/ThirdPersonBP/Maps/ThirdPersonExampleMap.ThirdPersonExampleMap to /Game/ThirdPersonBP/Maps/UEDPIE_0_ThirdPersonExampleMap.ThirdPersonExampleMap (7.671896s)
[2017.05.02-23.55.44:873][653]LogInit: XAudio2 using 'Speakers (Realtek High Definition Audio)' : 2 channels at 48 kHz using 32 bits per sample (channel mask 0x3)
[2017.05.02-23.55.45:107][653]LogInit: FAudioDevice initialized.
[2017.05.02-23.55.49:894][653]LogLoad: Game class is 'ThirdPersonGameMode_C'
[2017.05.02-23.55.51:755][653]LogWorld: Bringing World /Game/ThirdPersonBP/Maps/UEDPIE_0_ThirdPersonExampleMap.ThirdPersonExampleMap up for play (max tick rate 60) at 2017.05.02-16.55.51
[2017.05.02-23.55.54:130][653]LogWorld: Bringing up level for play took: 2.728693
[2017.05.02-23.56.13:860][653]LogContentBrowser: Native class hierarchy updated for 'MovieSceneCapture' in 0.0030 seconds. Added 11 classes and 0 folders.
[2017.05.02-23.56.14:494][653]PIE: Info Play in editor start time for /Game/ThirdPersonBP/Maps/UEDPIE_0_ThirdPersonExampleMap 43.256
[2017.05.02-23.56.14:560][653]LogBlueprintUserMessages: Late PlayInEditor Detection: Level '/Game/ThirdPersonBP/Maps/ThirdPersonExampleMap.ThirdPersonExampleMap:PersistentLevel' has LevelScriptBlueprint '/Game/ThirdPersonBP/Maps/ThirdPersonExampleMap.ThirdPersonExampleMap:PersistentLevel.ThirdPersonExampleMap' with GeneratedClass '/Game/ThirdPersonBP/Maps/ThirdPersonExampleMap.ThirdPersonExampleMap_C' with ClassGeneratedBy '/Game/ThirdPersonBP/Maps/ThirdPersonExampleMap.ThirdPersonExampleMap:PersistentLevel.ThirdPersonExampleMap'
[2017.05.02-23.56.28:316][832]LogBlueprintUserMessages: [TankAI_692] FIR!
[2017.05.02-23.56.33:036][ 12]LogBlueprintUserMessages: [TankAI_692] FIR!
[2017.05.02-23.56.37:260][192]LogBlueprintUserMessages: [TankAI_692] FIR!
[2017.05.02-23.56.42:538][372]LogBlueprintUserMessages: [TankAI_692] FIR!
[2017.05.02-23.56.43:970][450]LogBlueprintUserMessages: Early EndPlayMap Detection: Level '/Game/ThirdPersonBP/Maps/ThirdPersonExampleMap.ThirdPersonExampleMap:PersistentLevel' has LevelScriptBlueprint '/Game/ThirdPersonBP/Maps/ThirdPersonExampleMap.ThirdPersonExampleMap:PersistentLevel.ThirdPersonExampleMap' with GeneratedClass '/Game/ThirdPersonBP/Maps/ThirdPersonExampleMap.ThirdPersonExampleMap_C' with ClassGeneratedBy '/Game/ThirdPersonBP/Maps/ThirdPersonExampleMap.ThirdPersonExampleMap:PersistentLevel.ThirdPersonExampleMap'
[2017.05.02-23.56.45:522][450]LogBlueprintUserMessages: Late EndPlayMap Detection: Level '/Game/ThirdPersonBP/Maps/ThirdPersonExampleMap.ThirdPersonExampleMap:PersistentLevel' has LevelScriptBlueprint '/Game/ThirdPersonBP/Maps/ThirdPersonExampleMap.ThirdPersonExampleMap:PersistentLevel.ThirdPersonExampleMap' with GeneratedClass '/Game/ThirdPersonBP/Maps/ThirdPersonExampleMap.ThirdPersonExampleMap_C' with ClassGeneratedBy '/Game/ThirdPersonBP/Maps/ThirdPersonExampleMap.ThirdPersonExampleMap:PersistentLevel.ThirdPersonExampleMap'
[2017.05.03-02.11.28:773][876]LogHttp:Warning: 0000021F18793A00: request failed, libcurl error: 6 (Couldn't resolve host name)
[2017.05.03-02.11.28:773][876]LogHttp:Warning: 0000021F18793A00: libcurl info message cache 0 (Found bundle for host datarouter.ol.epicgames.com: 0x21f155d7fe8 [can pipeline])
[2017.05.03-02.11.28:773][876]LogHttp:Warning: 0000021F18793A00: libcurl info message cache 1 (Re-using existing connection! (#91) with host datarouter.ol.epicgames.com)
[2017.05.03-02.11.28:773][876]LogHttp:Warning: 0000021F18793A00: libcurl info message cache 2 (Connected to datarouter.ol.epicgames.com (34.192.111.22) port 443 (#91))
[2017.05.03-02.11.28:773][876]LogHttp:Warning: 0000021F18793A00: libcurl info message cache 3 (upload completely sent off: 6264 out of 6264 bytes)
[2017.05.03-02.11.28:773][876]LogHttp:Warning: 0000021F18793A00: libcurl info message cache 4 (SSL read: error:00000000:lib(0):func(0):reason(0), errno 10054)
[2017.05.03-02.11.28:773][876]LogHttp:Warning: 0000021F18793A00: libcurl info message cache 5 (Connection died, retrying a fresh connect)
[2017.05.03-02.11.28:774][876]LogHttp:Warning: 0000021F18793A00: libcurl info message cache 6 (Closing connection 91)
[2017.05.03-02.11.28:774][876]LogHttp:Warning: 0000021F18793A00: libcurl info message cache 7 (Issue another request to this URL: 'https://datarouter.ol.epicgames.com/datarouter/api/v1/public/data?SessionID=%7B414B4C58-4555-5E53-8056-1FA4CCE9E53E%7D&AppID=UEEditor.Rocket.Release&AppVersion=4.15.2-3416026%2B%2B%2BUE4%2BRelease-4.15&UserID=10a9f2844df28c65bf79289f794bf16a%7C2d8913525dc44a6897b17c214ddbdfd5%7Ce031ae82-f498-4cbd-9c5a-7ea69b528afc&AppEnvironment=datacollector-binary&UploadType=eteventstream')
[2017.05.03-02.11.29:079][876]LogHttp:Warning: 0000021F18793A00: libcurl info message cache 8 (Could not resolve host: datarouter.ol.epicgames.com)
[2017.05.03-02.11.29:079][876]LogHttp:Warning: 0000021F18793A00: libcurl info message cache 9 (Closing connection 92)
[2017.05.03-02.12.44:447][100]LogHttp:Warning: 0000021F18791A80: request failed, libcurl error: 6 (Couldn't resolve host name)
[2017.05.03-02.12.44:447][100]LogHttp:Warning: 0000021F18791A80: libcurl info message cache 0 (Could not resolve host: datarouter.ol.epicgames.com)
[2017.05.03-02.12.44:447][100]LogHttp:Warning: 0000021F18791A80: libcurl info message cache 1 (Closing connection 93)
[2017.05.03-02.17.13:438][ 55]LogEditorViewport: Clicking on Actor (LMB): TankAI_C (TankAI)
[2017.05.03-02.21.21:117][820]LogSpawn:Warning: SpawnActor failed because we are running a ConstructionScript (AIController)
[2017.05.03-02.21.31:145][998]LogSlate: Took 0.148890 seconds to synchronously load lazily loaded font '../../../Engine/Content/Slate/Fonts/Roboto-Light.ttf' (159K)
[2017.05.03-02.21.32:339][998]LogSlate: Took 0.076501 seconds to synchronously load lazily loaded font '../../../Engine/Content/Slate/Fonts/Roboto-Regular.ttf' (155K)
[2017.05.03-02.21.53:378][998]LogContentBrowser: Native class hierarchy updated for 'BlueprintGraph' in 0.1074 seconds. Added 112 classes and 0 folders.
[2017.05.03-02.22.25:164][998]LogSpawn:Warning: SpawnActor failed because we are running a ConstructionScript (AIController)
[2017.05.03-02.22.25:440][998]LogSlate: Took 0.102384 seconds to synchronously load lazily loaded font '../../../Engine/Content/Editor/Slate/Fonts/Roboto-BoldCondensed.ttf' (158K)
[2017.05.03-02.22.36:096][999]LogSlate: Took 0.224595 seconds to synchronously load lazily loaded font '../../../Engine/Content/Editor/Slate/Fonts/Roboto-Italic.ttf' (157K)
[2017.05.03-02.29.13:193][185]BlueprintLog: New page: Compile TankAI
[2017.05.03-02.29.14:815][185]LogBlueprint:Warning: [Compiler TankAI] Warning 'AIController' does not inherit from 'Tank AI' ( Cast To AIController  would always fail).
[2017.05.03-02.29.15:277][185]LogSpawn:Warning: SpawnActor failed because we are running a ConstructionScript (AIController)
[2017.05.03-02.29.17:124][185]LogSpawn:Warning: SpawnActor failed because we are running a ConstructionScript (AIController)
[2017.05.03-02.29.17:194][185]BlueprintEditorCompileResults:Warning: Warning 'AIController' does not inherit from 'Tank AI' ( Cast To AIController  would always fail).
[2017.05.03-02.29.17:194][185]LogBlueprint:Warning: [Compiler TankAI] Warning [4185.57] Compile of TankAI successful, but with 1 Warning(s) [in 4,001 ms] (/Game/ThirdPersonBP/Blueprints/TankAI.TankAI)
[2017.05.03-02.29.19:584][187]LogSavePackage: Save=498.77ms
[2017.05.03-02.29.19:584][187]LogSavePackage: Moving '../../../../../../Users/socce_000/Documents/Unreal Projects/TankAIFinal/Saved/TankAI30DBF2A845824DA2EFBAC9B7B621C1B9.tmp' to '../../../../../../Users/socce_000/Documents/Unreal Projects/TankAIFinal/Content/ThirdPersonBP/Blueprints/TankAI.uasset'
[2017.05.03-02.29.19:601][187]LogSavePackage:Display: Finished SavePackage ../../../../../../Users/socce_000/Documents/Unreal Projects/TankAIFinal/Content/ThirdPersonBP/Blueprints/TankAI.uasset
[2017.05.03-02.29.20:375][216]BlueprintLog: New page: Compile TankAI
[2017.05.03-02.29.20:412][216]LogBlueprint:Warning: [Compiler TankAI] Warning 'AIController' does not inherit from 'Tank AI' ( Cast To AIController  would always fail).
[2017.05.03-02.29.20:418][216]LogSpawn:Warning: SpawnActor failed because we are running a ConstructionScript (AIController)
[2017.05.03-02.29.20:569][216]LogSpawn:Warning: SpawnActor failed because we are running a ConstructionScript (AIController)
[2017.05.03-02.29.20:579][216]BlueprintEditorCompileResults:Warning: Warning 'AIController' does not inherit from 'Tank AI' ( Cast To AIController  would always fail).
[2017.05.03-02.29.20:579][216]LogBlueprint:Warning: [Compiler TankAI] Warning [4188.96] Compile of TankAI successful, but with 1 Warning(s) [in 204 ms] (/Game/ThirdPersonBP/Blueprints/TankAI.TankAI)
[2017.05.03-02.32.37:880][742]LogSavePackage: Save=826.22ms
[2017.05.03-02.32.37:880][742]LogSavePackage: Moving '../../../../../../Users/socce_000/Documents/Unreal Projects/TankAIFinal/Saved/ThirdPersonExampleMap_Auto1B3E7BF74492FFDA2CB75AE83879ED2F7.tmp' to '../../../../../../Users/socce_000/Documents/Unreal Projects/TankAIFinal/Saved/Autosaves/Game/ThirdPersonBP/Maps/ThirdPersonExampleMap_Auto1.umap'
[2017.05.03-02.32.37:882][742]LogSavePackage:Display: Finished SavePackage ../../../../../../Users/socce_000/Documents/Unreal Projects/TankAIFinal/Saved/Autosaves/Game/ThirdPersonBP/Maps/ThirdPersonExampleMap_Auto1.umap
[2017.05.03-02.32.37:976][742]LogFileHelpers: Editor autosave (incl. sublevels) for '/Game/ThirdPersonBP/Maps/ThirdPersonExampleMap' took 1.119
[2017.05.03-02.32.37:976][742]LogFileHelpers: Editor autosave (incl. sublevels) for all levels took 1.119
[2017.05.03-02.33.36:680][413]LogSavePackage: Save=71.73ms
[2017.05.03-02.33.36:680][413]LogSavePackage: Moving '../../../../../../Users/socce_000/Documents/Unreal Projects/TankAIFinal/Saved/TankAI6DBA570F469433C84E7035AC75FFCEA8.tmp' to '../../../../../../Users/socce_000/Documents/Unreal Projects/TankAIFinal/Content/ThirdPersonBP/Blueprints/TankAI.uasset'
[2017.05.03-02.33.36:694][413]LogSavePackage:Display: Finished SavePackage ../../../../../../Users/socce_000/Documents/Unreal Projects/TankAIFinal/Content/ThirdPersonBP/Blueprints/TankAI.uasset
[2017.05.03-02.33.37:363][435]BlueprintLog: New page: Compile TankAI
[2017.05.03-02.33.37:399][435]LogBlueprint:Warning: [Compiler TankAI] Warning 'AIController' does not inherit from 'Tank AI' ( Cast To AIController  would always fail).
[2017.05.03-02.33.37:421][435]LogSpawn:Warning: SpawnActor failed because we are running a ConstructionScript (AIController)
[2017.05.03-02.33.37:538][435]LogSpawn:Warning: SpawnActor failed because we are running a ConstructionScript (AIController)
[2017.05.03-02.33.37:547][435]BlueprintEditorCompileResults:Warning: Warning 'AIController' does not inherit from 'Tank AI' ( Cast To AIController  would always fail).
[2017.05.03-02.33.37:548][435]LogBlueprint:Warning: [Compiler TankAI] Warning [4445.92] Compile of TankAI successful, but with 1 Warning(s) [in 183 ms] (/Game/ThirdPersonBP/Blueprints/TankAI.TankAI)
[2017.05.03-02.42.45:822][597]LogSavePackage: Save=312.87ms
[2017.05.03-02.42.45:822][597]LogSavePackage: Moving '../../../../../../Users/socce_000/Documents/Unreal Projects/TankAIFinal/Saved/ThirdPersonExampleMap_Auto21D0FE6B540048616E4284C9B1B6231A7.tmp' to '../../../../../../Users/socce_000/Documents/Unreal Projects/TankAIFinal/Saved/Autosaves/Game/ThirdPersonBP/Maps/ThirdPersonExampleMap_Auto2.umap'
[2017.05.03-02.42.45:824][597]LogSavePackage:Display: Finished SavePackage ../../../../../../Users/socce_000/Documents/Unreal Projects/TankAIFinal/Saved/Autosaves/Game/ThirdPersonBP/Maps/ThirdPersonExampleMap_Auto2.umap
[2017.05.03-02.42.45:830][597]LogFileHelpers: Editor autosave (incl. sublevels) for '/Game/ThirdPersonBP/Maps/ThirdPersonExampleMap' took 7.280
[2017.05.03-02.42.45:830][597]LogFileHelpers: Editor autosave (incl. sublevels) for all levels took 7.280
[2017.05.03-03.42.33:487][573]LogHttp:Warning: 0000021F354CCD00: request failed, libcurl error: 6 (Couldn't resolve host name)
[2017.05.03-03.42.33:487][573]LogHttp:Warning: 0000021F354CCD00: libcurl info message cache 0 (Found bundle for host datarouter.ol.epicgames.com: 0x21f155d6908 [can pipeline])
[2017.05.03-03.42.33:487][573]LogHttp:Warning: 0000021F354CCD00: libcurl info message cache 1 (Re-using existing connection! (#123) with host datarouter.ol.epicgames.com)
[2017.05.03-03.42.33:487][573]LogHttp:Warning: 0000021F354CCD00: libcurl info message cache 2 (Connected to datarouter.ol.epicgames.com (34.192.111.22) port 443 (#123))
[2017.05.03-03.42.33:487][573]LogHttp:Warning: 0000021F354CCD00: libcurl info message cache 3 (upload completely sent off: 6320 out of 6320 bytes)
[2017.05.03-03.42.33:487][573]LogHttp:Warning: 0000021F354CCD00: libcurl info message cache 4 (SSL read: error:00000000:lib(0):func(0):reason(0), errno 10054)
[2017.05.03-03.42.33:487][573]LogHttp:Warning: 0000021F354CCD00: libcurl info message cache 5 (Connection died, retrying a fresh connect)
[2017.05.03-03.42.33:487][573]LogHttp:Warning: 0000021F354CCD00: libcurl info message cache 6 (Closing connection 123)
[2017.05.03-03.42.33:487][573]LogHttp:Warning: 0000021F354CCD00: libcurl info message cache 7 (Issue another request to this URL: 'https://datarouter.ol.epicgames.com/datarouter/api/v1/public/data?SessionID=%7B414B4C58-4555-5E53-8056-1FA4CCE9E53E%7D&AppID=UEEditor.Rocket.Release&AppVersion=4.15.2-3416026%2B%2B%2BUE4%2BRelease-4.15&UserID=10a9f2844df28c65bf79289f794bf16a%7C2d8913525dc44a6897b17c214ddbdfd5%7Ce031ae82-f498-4cbd-9c5a-7ea69b528afc&AppEnvironment=datacollector-binary&UploadType=eteventstream')
[2017.05.03-03.42.33:487][573]LogHttp:Warning: 0000021F354CCD00: libcurl info message cache 8 (Could not resolve host: datarouter.ol.epicgames.com)
[2017.05.03-03.42.33:487][573]LogHttp:Warning: 0000021F354CCD00: libcurl info message cache 9 (Closing connection 124)
